<?xml version="1.0" encoding="UTF-8"?>
<!-- Generated by org.testng.reporters.JUnitReportReporter -->
<testsuite hostname="DESKTOP-HR87NGL" failures="0" tests="1" name="Axis.CapstoneProject.InValidTC" time="80.187" errors="0" timestamp="2023-06-19T15:40:34 IST" skipped="0">
  <testcase classname="Axis.CapstoneProject.InValidTC" name="Scenarios" time="80.187"/>
  <system-out/>
</testsuite> <!-- Axis.CapstoneProject.InValidTC -->
